<?xml version="1.0" encoding="UTF-8"?>
<!-- Generated by org.testng.reporters.JUnitReportReporter -->
<testsuite skipped="0" hostname="DESKTOP-06OUV9F" name="mt.mstr.modules.Launch" tests="1" failures="0" timestamp="20 Oct 2019 07:40:58 GMT" time="12.825" errors="0">
  <testcase name="executeLaunch" time="12.825" classname="mt.mstr.modules.Launch"/>
</testsuite> <!-- mt.mstr.modules.Launch -->
